e:\work2025\openfemcax\qtrabbion\qtrabbion\x64\debug\moc_qtrabbion.obj
e:\work2025\openfemcax\qtrabbion\qtrabbion\x64\debug\qrc_qtrabbion.obj
e:\work2025\openfemcax\qtrabbion\qtrabbion\x64\debug\vc143.pdb
e:\work2025\openfemcax\qtrabbion\qtrabbion\x64\debug\qtrabbion.obj
e:\work2025\openfemcax\qtrabbion\qtrabbion\x64\debug\main.obj
e:\work2025\openfemcax\qtrabbion\x64\debug\qtrabbion.exe
e:\work2025\openfemcax\qtrabbion\x64\debug\qtrabbion.pdb
e:\work2025\openfemcax\qtrabbion\qtrabbion\x64\debug\moc\moc_qtrabbion.cpp
e:\work2025\openfemcax\qtrabbion\qtrabbion\x64\debug\uic\ui_qtrabbion.h
e:\work2025\openfemcax\qtrabbion\qtrabbion\x64\debug\rcc\qrc_qtrabbion.cpp
e:\work2025\openfemcax\qtrabbion\x64\debug\qtrabbion.ilk
e:\work2025\openfemcax\qtrabbion\qtrabbion\x64\debug\qtrabbion.tlog\cl.command.1.tlog
e:\work2025\openfemcax\qtrabbion\qtrabbion\x64\debug\qtrabbion.tlog\cl.items.tlog
e:\work2025\openfemcax\qtrabbion\qtrabbion\x64\debug\qtrabbion.tlog\cl.read.1.tlog
e:\work2025\openfemcax\qtrabbion\qtrabbion\x64\debug\qtrabbion.tlog\cl.write.1.tlog
e:\work2025\openfemcax\qtrabbion\qtrabbion\x64\debug\qtrabbion.tlog\link.command.1.tlog
e:\work2025\openfemcax\qtrabbion\qtrabbion\x64\debug\qtrabbion.tlog\link.read.1.tlog
e:\work2025\openfemcax\qtrabbion\qtrabbion\x64\debug\qtrabbion.tlog\link.secondary.1.tlog
e:\work2025\openfemcax\qtrabbion\qtrabbion\x64\debug\qtrabbion.tlog\link.write.1.tlog
e:\work2025\openfemcax\qtrabbion\qtrabbion\x64\debug\qtrabbion.tlog\moc.read.1u.tlog
e:\work2025\openfemcax\qtrabbion\qtrabbion\x64\debug\qtrabbion.tlog\moc.write.1u.tlog
e:\work2025\openfemcax\qtrabbion\qtrabbion\x64\debug\qtrabbion.tlog\qtrabbion.write.1u.tlog
e:\work2025\openfemcax\qtrabbion\qtrabbion\x64\debug\qtrabbion.tlog\rcc.read.1u.tlog
e:\work2025\openfemcax\qtrabbion\qtrabbion\x64\debug\qtrabbion.tlog\rcc.write.1u.tlog
e:\work2025\openfemcax\qtrabbion\qtrabbion\x64\debug\qtrabbion.tlog\uic.read.1u.tlog
e:\work2025\openfemcax\qtrabbion\qtrabbion\x64\debug\qtrabbion.tlog\uic.write.1u.tlog
